Terminals unused in grammar

   DE
   EXP_BOOL


Grammar

    0 $accept: programme $end

    1 programme: PROG corps

    2 corps: liste_declarations liste_instructions
    3      | liste_instructions

    4 liste_declarations: declaration
    5                   | liste_declarations declaration

    6 liste_instructions: DEBUT suite_liste_inst FIN

    7 suite_liste_inst: instruction
    8                 | suite_liste_inst instruction

    9 declaration: declaration_type POINT_VIRGULE
   10            | declaration_variable POINT_VIRGULE
   11            | declaration_procedure
   12            | declaration_fonction

   13 declaration_type: TYPE IDF DEUX_POINTS suite_declaration_type

   14 suite_declaration_type: STRUCT liste_champs POINT_VIRGULE FSTRUCT
   15                       | TABLEAU dimension DEUX_POINTS nom_type

   16 dimension: CROCHET_OUVRANT liste_dimensions CROCHET_FERMANT

   17 liste_dimensions: une_dimension
   18                 | liste_dimensions VIRGULE une_dimension

   19 une_dimension: exparith POINT POINT exparith

   20 liste_champs: un_champ
   21             | liste_champs POINT_VIRGULE un_champ

   22 un_champ: IDF DEUX_POINTS nom_type

   23 nom_type: type_simple
   24         | IDF

   25 type_simple: ENTIER
   26            | REEL
   27            | BOOLEEN
   28            | CARACTERE
   29            | CHAINE CROCHET_OUVRANT CSTE_ENTIERE CROCHET_FERMANT

   30 declaration_variable: VARIABLE IDF DEUX_POINTS nom_type

   31 declaration_procedure: PROCEDURE IDF liste_parametres corps

   32 declaration_fonction: FONCTION IDF liste_parametres RETOURNE type_simple corps

   33 liste_parametres: %empty
   34                 | PARENTHESE_OUVRANTE liste_param PARENTHESE_FERMANTE

   35 liste_param: un_param
   36            | liste_param POINT_VIRGULE un_param

   37 un_param: IDF DEUX_POINTS type_simple

   38 instruction: instruction_point_virgule POINT_VIRGULE
   39            | instruction_cond

   40 instruction_point_virgule: affectation
   41                          | appel
   42                          | VIDE
   43                          | RETOURNE resultat_retourne

   44 instruction_cond: condition
   45                 | tant_que

   46 resultat_retourne: %empty
   47                  | expression

   48 appel: IDF liste_arguments

   49 liste_arguments: PARENTHESE_OUVRANTE PARENTHESE_FERMANTE
   50                | PARENTHESE_OUVRANTE liste_args PARENTHESE_FERMANTE

   51 liste_args: un_arg
   52           | liste_args VIRGULE un_arg

   53 un_arg: exparith

   54 condition: SI PARENTHESE_OUVRANTE exprel PARENTHESE_FERMANTE ALORS liste_instructions
   55          | SI PARENTHESE_OUVRANTE exprel PARENTHESE_FERMANTE ALORS liste_instructions SINON liste_instructions

   56 tant_que: TANT_QUE PARENTHESE_OUVRANTE exprel PARENTHESE_FERMANTE FAIRE liste_instructions

   57 affectation: variable OPAFF exparith

   58 expression: exparith
   59           | exprel

   60 variable: IDF
   61         | IDF indices
   62         | variable POINT IDF
   63         | variable POINT IDF indices

   64 indices: CROCHET_OUVRANT exparith CROCHET_FERMANT
   65        | indices CROCHET_OUVRANT exparith CROCHET_FERMANT

   66 exparith: e1

   67 e1: e1 PLUS e2
   68   | e1 MOINS e2
   69   | e2

   70 e2: e2 MULT e3
   71   | e2 DIV e3
   72   | e3

   73 e3: PARENTHESE_OUVRANTE e1 PARENTHESE_FERMANTE
   74   | CSTE_ENTIERE
   75   | CSTE_REEL
   76   | variable POINT
   77   | appel

   78 exprel: exparith OP_COMP exparith


Terminals, with rules where they appear

$end (0) 0
error (256)
PROG (258) 1
DEBUT (259) 6
FIN (260) 6
STRUCT (261) 14
FSTRUCT (262) 14
TABLEAU (263) 15
DE (264)
VARIABLE (265) 30
PROCEDURE (266) 31
FONCTION (267) 32
RETOURNE (268) 32 43
VIDE (269) 42
POINT_VIRGULE (270) 9 10 14 21 36 38
DEUX_POINTS (271) 13 15 22 30 37
POINT (272) 19 62 63 76
CROCHET_OUVRANT (273) 16 29 64 65
CROCHET_FERMANT (274) 16 29 64 65
VIRGULE (275) 18 52
PARENTHESE_OUVRANTE (276) 34 49 50 54 55 56 73
PARENTHESE_FERMANTE (277) 34 49 50 54 55 56 73
TYPE (278) 13
IDF (279) 13 22 24 30 31 32 37 48 60 61 62 63
ENTIER (280) 25
REEL (281) 26
BOOLEEN (282) 27
CARACTERE (283) 28
CHAINE (284) 29
CSTE_ENTIERE (285) 29 74
CSTE_REEL (286) 75
SI (287) 54 55
ALORS (288) 54 55
SINON (289) 55
TANT_QUE (290) 56
FAIRE (291) 56
OPAFF (292) 57
PLUS (293) 67
MOINS (294) 68
MULT (295) 70
DIV (296) 71
OP_COMP (297) 78
EXP_BOOL (298)


Nonterminals, with rules where they appear

$accept (44)
    on left: 0
programme (45)
    on left: 1, on right: 0
corps (46)
    on left: 2 3, on right: 1 31 32
liste_declarations (47)
    on left: 4 5, on right: 2 5
liste_instructions (48)
    on left: 6, on right: 2 3 54 55 56
suite_liste_inst (49)
    on left: 7 8, on right: 6 8
declaration (50)
    on left: 9 10 11 12, on right: 4 5
declaration_type (51)
    on left: 13, on right: 9
suite_declaration_type (52)
    on left: 14 15, on right: 13
dimension (53)
    on left: 16, on right: 15
liste_dimensions (54)
    on left: 17 18, on right: 16 18
une_dimension (55)
    on left: 19, on right: 17 18
liste_champs (56)
    on left: 20 21, on right: 14 21
un_champ (57)
    on left: 22, on right: 20 21
nom_type (58)
    on left: 23 24, on right: 15 22 30
type_simple (59)
    on left: 25 26 27 28 29, on right: 23 32 37
declaration_variable (60)
    on left: 30, on right: 10
declaration_procedure (61)
    on left: 31, on right: 11
declaration_fonction (62)
    on left: 32, on right: 12
liste_parametres (63)
    on left: 33 34, on right: 31 32
liste_param (64)
    on left: 35 36, on right: 34 36
un_param (65)
    on left: 37, on right: 35 36
instruction (66)
    on left: 38 39, on right: 7 8
instruction_point_virgule (67)
    on left: 40 41 42 43, on right: 38
instruction_cond (68)
    on left: 44 45, on right: 39
resultat_retourne (69)
    on left: 46 47, on right: 43
appel (70)
    on left: 48, on right: 41 77
liste_arguments (71)
    on left: 49 50, on right: 48
liste_args (72)
    on left: 51 52, on right: 50 52
un_arg (73)
    on left: 53, on right: 51 52
condition (74)
    on left: 54 55, on right: 44
tant_que (75)
    on left: 56, on right: 45
affectation (76)
    on left: 57, on right: 40
expression (77)
    on left: 58 59, on right: 47
variable (78)
    on left: 60 61 62 63, on right: 57 62 63 76
indices (79)
    on left: 64 65, on right: 61 63 65
exparith (80)
    on left: 66, on right: 19 53 57 58 64 65 78
e1 (81)
    on left: 67 68 69, on right: 66 67 68 73
e2 (82)
    on left: 70 71 72, on right: 67 68 69 70 71
e3 (83)
    on left: 73 74 75 76 77, on right: 70 71 72
exprel (84)
    on left: 78, on right: 54 55 56 59


State 0

    0 $accept: . programme $end

    PROG  shift, and go to state 1

    programme  go to state 2


State 1

    1 programme: PROG . corps

    DEBUT      shift, and go to state 3
    VARIABLE   shift, and go to state 4
    PROCEDURE  shift, and go to state 5
    FONCTION   shift, and go to state 6
    TYPE       shift, and go to state 7

    corps                  go to state 8
    liste_declarations     go to state 9
    liste_instructions     go to state 10
    declaration            go to state 11
    declaration_type       go to state 12
    declaration_variable   go to state 13
    declaration_procedure  go to state 14
    declaration_fonction   go to state 15


State 2

    0 $accept: programme . $end

    $end  shift, and go to state 16


State 3

    6 liste_instructions: DEBUT . suite_liste_inst FIN

    RETOURNE  shift, and go to state 17
    VIDE      shift, and go to state 18
    IDF       shift, and go to state 19
    SI        shift, and go to state 20
    TANT_QUE  shift, and go to state 21

    suite_liste_inst           go to state 22
    instruction                go to state 23
    instruction_point_virgule  go to state 24
    instruction_cond           go to state 25
    appel                      go to state 26
    condition                  go to state 27
    tant_que                   go to state 28
    affectation                go to state 29
    variable                   go to state 30


State 4

   30 declaration_variable: VARIABLE . IDF DEUX_POINTS nom_type

    IDF  shift, and go to state 31


State 5

   31 declaration_procedure: PROCEDURE . IDF liste_parametres corps

    IDF  shift, and go to state 32


State 6

   32 declaration_fonction: FONCTION . IDF liste_parametres RETOURNE type_simple corps

    IDF  shift, and go to state 33


State 7

   13 declaration_type: TYPE . IDF DEUX_POINTS suite_declaration_type

    IDF  shift, and go to state 34


State 8

    1 programme: PROG corps .

    $default  reduce using rule 1 (programme)


State 9

    2 corps: liste_declarations . liste_instructions
    5 liste_declarations: liste_declarations . declaration

    DEBUT      shift, and go to state 3
    VARIABLE   shift, and go to state 4
    PROCEDURE  shift, and go to state 5
    FONCTION   shift, and go to state 6
    TYPE       shift, and go to state 7

    liste_instructions     go to state 35
    declaration            go to state 36
    declaration_type       go to state 12
    declaration_variable   go to state 13
    declaration_procedure  go to state 14
    declaration_fonction   go to state 15


State 10

    3 corps: liste_instructions .

    $default  reduce using rule 3 (corps)


State 11

    4 liste_declarations: declaration .

    $default  reduce using rule 4 (liste_declarations)


State 12

    9 declaration: declaration_type . POINT_VIRGULE

    POINT_VIRGULE  shift, and go to state 37


State 13

   10 declaration: declaration_variable . POINT_VIRGULE

    POINT_VIRGULE  shift, and go to state 38


State 14

   11 declaration: declaration_procedure .

    $default  reduce using rule 11 (declaration)


State 15

   12 declaration: declaration_fonction .

    $default  reduce using rule 12 (declaration)


State 16

    0 $accept: programme $end .

    $default  accept


State 17

   43 instruction_point_virgule: RETOURNE . resultat_retourne

    PARENTHESE_OUVRANTE  shift, and go to state 39
    IDF                  shift, and go to state 19
    CSTE_ENTIERE         shift, and go to state 40
    CSTE_REEL            shift, and go to state 41

    $default  reduce using rule 46 (resultat_retourne)

    resultat_retourne  go to state 42
    appel              go to state 43
    expression         go to state 44
    variable           go to state 45
    exparith           go to state 46
    e1                 go to state 47
    e2                 go to state 48
    e3                 go to state 49
    exprel             go to state 50


State 18

   42 instruction_point_virgule: VIDE .

    $default  reduce using rule 42 (instruction_point_virgule)


State 19

   48 appel: IDF . liste_arguments
   60 variable: IDF .
   61         | IDF . indices

    CROCHET_OUVRANT      shift, and go to state 51
    PARENTHESE_OUVRANTE  shift, and go to state 52

    $default  reduce using rule 60 (variable)

    liste_arguments  go to state 53
    indices          go to state 54


State 20

   54 condition: SI . PARENTHESE_OUVRANTE exprel PARENTHESE_FERMANTE ALORS liste_instructions
   55          | SI . PARENTHESE_OUVRANTE exprel PARENTHESE_FERMANTE ALORS liste_instructions SINON liste_instructions

    PARENTHESE_OUVRANTE  shift, and go to state 55


State 21

   56 tant_que: TANT_QUE . PARENTHESE_OUVRANTE exprel PARENTHESE_FERMANTE FAIRE liste_instructions

    PARENTHESE_OUVRANTE  shift, and go to state 56


State 22

    6 liste_instructions: DEBUT suite_liste_inst . FIN
    8 suite_liste_inst: suite_liste_inst . instruction

    FIN       shift, and go to state 57
    RETOURNE  shift, and go to state 17
    VIDE      shift, and go to state 18
    IDF       shift, and go to state 19
    SI        shift, and go to state 20
    TANT_QUE  shift, and go to state 21

    instruction                go to state 58
    instruction_point_virgule  go to state 24
    instruction_cond           go to state 25
    appel                      go to state 26
    condition                  go to state 27
    tant_que                   go to state 28
    affectation                go to state 29
    variable                   go to state 30


State 23

    7 suite_liste_inst: instruction .

    $default  reduce using rule 7 (suite_liste_inst)


State 24

   38 instruction: instruction_point_virgule . POINT_VIRGULE

    POINT_VIRGULE  shift, and go to state 59


State 25

   39 instruction: instruction_cond .

    $default  reduce using rule 39 (instruction)


State 26

   41 instruction_point_virgule: appel .

    $default  reduce using rule 41 (instruction_point_virgule)


State 27

   44 instruction_cond: condition .

    $default  reduce using rule 44 (instruction_cond)


State 28

   45 instruction_cond: tant_que .

    $default  reduce using rule 45 (instruction_cond)


State 29

   40 instruction_point_virgule: affectation .

    $default  reduce using rule 40 (instruction_point_virgule)


State 30

   57 affectation: variable . OPAFF exparith
   62 variable: variable . POINT IDF
   63         | variable . POINT IDF indices

    POINT  shift, and go to state 60
    OPAFF  shift, and go to state 61


State 31

   30 declaration_variable: VARIABLE IDF . DEUX_POINTS nom_type

    DEUX_POINTS  shift, and go to state 62


State 32

   31 declaration_procedure: PROCEDURE IDF . liste_parametres corps

    PARENTHESE_OUVRANTE  shift, and go to state 63

    $default  reduce using rule 33 (liste_parametres)

    liste_parametres  go to state 64


State 33

   32 declaration_fonction: FONCTION IDF . liste_parametres RETOURNE type_simple corps

    PARENTHESE_OUVRANTE  shift, and go to state 63

    $default  reduce using rule 33 (liste_parametres)

    liste_parametres  go to state 65


State 34

   13 declaration_type: TYPE IDF . DEUX_POINTS suite_declaration_type

    DEUX_POINTS  shift, and go to state 66


State 35

    2 corps: liste_declarations liste_instructions .

    $default  reduce using rule 2 (corps)


State 36

    5 liste_declarations: liste_declarations declaration .

    $default  reduce using rule 5 (liste_declarations)


State 37

    9 declaration: declaration_type POINT_VIRGULE .

    $default  reduce using rule 9 (declaration)


State 38

   10 declaration: declaration_variable POINT_VIRGULE .

    $default  reduce using rule 10 (declaration)


State 39

   73 e3: PARENTHESE_OUVRANTE . e1 PARENTHESE_FERMANTE

    PARENTHESE_OUVRANTE  shift, and go to state 39
    IDF                  shift, and go to state 19
    CSTE_ENTIERE         shift, and go to state 40
    CSTE_REEL            shift, and go to state 41

    appel     go to state 43
    variable  go to state 45
    e1        go to state 67
    e2        go to state 48
    e3        go to state 49


State 40

   74 e3: CSTE_ENTIERE .

    $default  reduce using rule 74 (e3)


State 41

   75 e3: CSTE_REEL .

    $default  reduce using rule 75 (e3)


State 42

   43 instruction_point_virgule: RETOURNE resultat_retourne .

    $default  reduce using rule 43 (instruction_point_virgule)


State 43

   77 e3: appel .

    $default  reduce using rule 77 (e3)


State 44

   47 resultat_retourne: expression .

    $default  reduce using rule 47 (resultat_retourne)


State 45

   62 variable: variable . POINT IDF
   63         | variable . POINT IDF indices
   76 e3: variable . POINT

    POINT  shift, and go to state 68


State 46

   58 expression: exparith .
   78 exprel: exparith . OP_COMP exparith

    OP_COMP  shift, and go to state 69

    $default  reduce using rule 58 (expression)


State 47

   66 exparith: e1 .
   67 e1: e1 . PLUS e2
   68   | e1 . MOINS e2

    PLUS   shift, and go to state 70
    MOINS  shift, and go to state 71

    $default  reduce using rule 66 (exparith)


State 48

   69 e1: e2 .
   70 e2: e2 . MULT e3
   71   | e2 . DIV e3

    MULT  shift, and go to state 72
    DIV   shift, and go to state 73

    $default  reduce using rule 69 (e1)


State 49

   72 e2: e3 .

    $default  reduce using rule 72 (e2)


State 50

   59 expression: exprel .

    $default  reduce using rule 59 (expression)


State 51

   64 indices: CROCHET_OUVRANT . exparith CROCHET_FERMANT

    PARENTHESE_OUVRANTE  shift, and go to state 39
    IDF                  shift, and go to state 19
    CSTE_ENTIERE         shift, and go to state 40
    CSTE_REEL            shift, and go to state 41

    appel     go to state 43
    variable  go to state 45
    exparith  go to state 74
    e1        go to state 47
    e2        go to state 48
    e3        go to state 49


State 52

   49 liste_arguments: PARENTHESE_OUVRANTE . PARENTHESE_FERMANTE
   50                | PARENTHESE_OUVRANTE . liste_args PARENTHESE_FERMANTE

    PARENTHESE_OUVRANTE  shift, and go to state 39
    PARENTHESE_FERMANTE  shift, and go to state 75
    IDF                  shift, and go to state 19
    CSTE_ENTIERE         shift, and go to state 40
    CSTE_REEL            shift, and go to state 41

    appel       go to state 43
    liste_args  go to state 76
    un_arg      go to state 77
    variable    go to state 45
    exparith    go to state 78
    e1          go to state 47
    e2          go to state 48
    e3          go to state 49


State 53

   48 appel: IDF liste_arguments .

    $default  reduce using rule 48 (appel)


State 54

   61 variable: IDF indices .
   65 indices: indices . CROCHET_OUVRANT exparith CROCHET_FERMANT

    CROCHET_OUVRANT  shift, and go to state 79

    $default  reduce using rule 61 (variable)


State 55

   54 condition: SI PARENTHESE_OUVRANTE . exprel PARENTHESE_FERMANTE ALORS liste_instructions
   55          | SI PARENTHESE_OUVRANTE . exprel PARENTHESE_FERMANTE ALORS liste_instructions SINON liste_instructions

    PARENTHESE_OUVRANTE  shift, and go to state 39
    IDF                  shift, and go to state 19
    CSTE_ENTIERE         shift, and go to state 40
    CSTE_REEL            shift, and go to state 41

    appel     go to state 43
    variable  go to state 45
    exparith  go to state 80
    e1        go to state 47
    e2        go to state 48
    e3        go to state 49
    exprel    go to state 81


State 56

   56 tant_que: TANT_QUE PARENTHESE_OUVRANTE . exprel PARENTHESE_FERMANTE FAIRE liste_instructions

    PARENTHESE_OUVRANTE  shift, and go to state 39
    IDF                  shift, and go to state 19
    CSTE_ENTIERE         shift, and go to state 40
    CSTE_REEL            shift, and go to state 41

    appel     go to state 43
    variable  go to state 45
    exparith  go to state 80
    e1        go to state 47
    e2        go to state 48
    e3        go to state 49
    exprel    go to state 82


State 57

    6 liste_instructions: DEBUT suite_liste_inst FIN .

    $default  reduce using rule 6 (liste_instructions)


State 58

    8 suite_liste_inst: suite_liste_inst instruction .

    $default  reduce using rule 8 (suite_liste_inst)


State 59

   38 instruction: instruction_point_virgule POINT_VIRGULE .

    $default  reduce using rule 38 (instruction)


State 60

   62 variable: variable POINT . IDF
   63         | variable POINT . IDF indices

    IDF  shift, and go to state 83


State 61

   57 affectation: variable OPAFF . exparith

    PARENTHESE_OUVRANTE  shift, and go to state 39
    IDF                  shift, and go to state 19
    CSTE_ENTIERE         shift, and go to state 40
    CSTE_REEL            shift, and go to state 41

    appel     go to state 43
    variable  go to state 45
    exparith  go to state 84
    e1        go to state 47
    e2        go to state 48
    e3        go to state 49


State 62

   30 declaration_variable: VARIABLE IDF DEUX_POINTS . nom_type

    IDF        shift, and go to state 85
    ENTIER     shift, and go to state 86
    REEL       shift, and go to state 87
    BOOLEEN    shift, and go to state 88
    CARACTERE  shift, and go to state 89
    CHAINE     shift, and go to state 90

    nom_type     go to state 91
    type_simple  go to state 92


State 63

   34 liste_parametres: PARENTHESE_OUVRANTE . liste_param PARENTHESE_FERMANTE

    IDF  shift, and go to state 93

    liste_param  go to state 94
    un_param     go to state 95


State 64

   31 declaration_procedure: PROCEDURE IDF liste_parametres . corps

    DEBUT      shift, and go to state 3
    VARIABLE   shift, and go to state 4
    PROCEDURE  shift, and go to state 5
    FONCTION   shift, and go to state 6
    TYPE       shift, and go to state 7

    corps                  go to state 96
    liste_declarations     go to state 9
    liste_instructions     go to state 10
    declaration            go to state 11
    declaration_type       go to state 12
    declaration_variable   go to state 13
    declaration_procedure  go to state 14
    declaration_fonction   go to state 15


State 65

   32 declaration_fonction: FONCTION IDF liste_parametres . RETOURNE type_simple corps

    RETOURNE  shift, and go to state 97


State 66

   13 declaration_type: TYPE IDF DEUX_POINTS . suite_declaration_type

    STRUCT   shift, and go to state 98
    TABLEAU  shift, and go to state 99

    suite_declaration_type  go to state 100


State 67

   67 e1: e1 . PLUS e2
   68   | e1 . MOINS e2
   73 e3: PARENTHESE_OUVRANTE e1 . PARENTHESE_FERMANTE

    PARENTHESE_FERMANTE  shift, and go to state 101
    PLUS                 shift, and go to state 70
    MOINS                shift, and go to state 71


State 68

   62 variable: variable POINT . IDF
   63         | variable POINT . IDF indices
   76 e3: variable POINT .

    IDF  shift, and go to state 83

    $default  reduce using rule 76 (e3)


State 69

   78 exprel: exparith OP_COMP . exparith

    PARENTHESE_OUVRANTE  shift, and go to state 39
    IDF                  shift, and go to state 19
    CSTE_ENTIERE         shift, and go to state 40
    CSTE_REEL            shift, and go to state 41

    appel     go to state 43
    variable  go to state 45
    exparith  go to state 102
    e1        go to state 47
    e2        go to state 48
    e3        go to state 49


State 70

   67 e1: e1 PLUS . e2

    PARENTHESE_OUVRANTE  shift, and go to state 39
    IDF                  shift, and go to state 19
    CSTE_ENTIERE         shift, and go to state 40
    CSTE_REEL            shift, and go to state 41

    appel     go to state 43
    variable  go to state 45
    e2        go to state 103
    e3        go to state 49


State 71

   68 e1: e1 MOINS . e2

    PARENTHESE_OUVRANTE  shift, and go to state 39
    IDF                  shift, and go to state 19
    CSTE_ENTIERE         shift, and go to state 40
    CSTE_REEL            shift, and go to state 41

    appel     go to state 43
    variable  go to state 45
    e2        go to state 104
    e3        go to state 49


State 72

   70 e2: e2 MULT . e3

    PARENTHESE_OUVRANTE  shift, and go to state 39
    IDF                  shift, and go to state 19
    CSTE_ENTIERE         shift, and go to state 40
    CSTE_REEL            shift, and go to state 41

    appel     go to state 43
    variable  go to state 45
    e3        go to state 105


State 73

   71 e2: e2 DIV . e3

    PARENTHESE_OUVRANTE  shift, and go to state 39
    IDF                  shift, and go to state 19
    CSTE_ENTIERE         shift, and go to state 40
    CSTE_REEL            shift, and go to state 41

    appel     go to state 43
    variable  go to state 45
    e3        go to state 106


State 74

   64 indices: CROCHET_OUVRANT exparith . CROCHET_FERMANT

    CROCHET_FERMANT  shift, and go to state 107


State 75

   49 liste_arguments: PARENTHESE_OUVRANTE PARENTHESE_FERMANTE .

    $default  reduce using rule 49 (liste_arguments)


State 76

   50 liste_arguments: PARENTHESE_OUVRANTE liste_args . PARENTHESE_FERMANTE
   52 liste_args: liste_args . VIRGULE un_arg

    VIRGULE              shift, and go to state 108
    PARENTHESE_FERMANTE  shift, and go to state 109


State 77

   51 liste_args: un_arg .

    $default  reduce using rule 51 (liste_args)


State 78

   53 un_arg: exparith .

    $default  reduce using rule 53 (un_arg)


State 79

   65 indices: indices CROCHET_OUVRANT . exparith CROCHET_FERMANT

    PARENTHESE_OUVRANTE  shift, and go to state 39
    IDF                  shift, and go to state 19
    CSTE_ENTIERE         shift, and go to state 40
    CSTE_REEL            shift, and go to state 41

    appel     go to state 43
    variable  go to state 45
    exparith  go to state 110
    e1        go to state 47
    e2        go to state 48
    e3        go to state 49


State 80

   78 exprel: exparith . OP_COMP exparith

    OP_COMP  shift, and go to state 69


State 81

   54 condition: SI PARENTHESE_OUVRANTE exprel . PARENTHESE_FERMANTE ALORS liste_instructions
   55          | SI PARENTHESE_OUVRANTE exprel . PARENTHESE_FERMANTE ALORS liste_instructions SINON liste_instructions

    PARENTHESE_FERMANTE  shift, and go to state 111


State 82

   56 tant_que: TANT_QUE PARENTHESE_OUVRANTE exprel . PARENTHESE_FERMANTE FAIRE liste_instructions

    PARENTHESE_FERMANTE  shift, and go to state 112


State 83

   62 variable: variable POINT IDF .
   63         | variable POINT IDF . indices

    CROCHET_OUVRANT  shift, and go to state 51

    $default  reduce using rule 62 (variable)

    indices  go to state 113


State 84

   57 affectation: variable OPAFF exparith .

    $default  reduce using rule 57 (affectation)


State 85

   24 nom_type: IDF .

    $default  reduce using rule 24 (nom_type)


State 86

   25 type_simple: ENTIER .

    $default  reduce using rule 25 (type_simple)


State 87

   26 type_simple: REEL .

    $default  reduce using rule 26 (type_simple)


State 88

   27 type_simple: BOOLEEN .

    $default  reduce using rule 27 (type_simple)


State 89

   28 type_simple: CARACTERE .

    $default  reduce using rule 28 (type_simple)


State 90

   29 type_simple: CHAINE . CROCHET_OUVRANT CSTE_ENTIERE CROCHET_FERMANT

    CROCHET_OUVRANT  shift, and go to state 114


State 91

   30 declaration_variable: VARIABLE IDF DEUX_POINTS nom_type .

    $default  reduce using rule 30 (declaration_variable)


State 92

   23 nom_type: type_simple .

    $default  reduce using rule 23 (nom_type)


State 93

   37 un_param: IDF . DEUX_POINTS type_simple

    DEUX_POINTS  shift, and go to state 115


State 94

   34 liste_parametres: PARENTHESE_OUVRANTE liste_param . PARENTHESE_FERMANTE
   36 liste_param: liste_param . POINT_VIRGULE un_param

    POINT_VIRGULE        shift, and go to state 116
    PARENTHESE_FERMANTE  shift, and go to state 117


State 95

   35 liste_param: un_param .

    $default  reduce using rule 35 (liste_param)


State 96

   31 declaration_procedure: PROCEDURE IDF liste_parametres corps .

    $default  reduce using rule 31 (declaration_procedure)


State 97

   32 declaration_fonction: FONCTION IDF liste_parametres RETOURNE . type_simple corps

    ENTIER     shift, and go to state 86
    REEL       shift, and go to state 87
    BOOLEEN    shift, and go to state 88
    CARACTERE  shift, and go to state 89
    CHAINE     shift, and go to state 90

    type_simple  go to state 118


State 98

   14 suite_declaration_type: STRUCT . liste_champs POINT_VIRGULE FSTRUCT

    IDF  shift, and go to state 119

    liste_champs  go to state 120
    un_champ      go to state 121


State 99

   15 suite_declaration_type: TABLEAU . dimension DEUX_POINTS nom_type

    CROCHET_OUVRANT  shift, and go to state 122

    dimension  go to state 123


State 100

   13 declaration_type: TYPE IDF DEUX_POINTS suite_declaration_type .

    $default  reduce using rule 13 (declaration_type)


State 101

   73 e3: PARENTHESE_OUVRANTE e1 PARENTHESE_FERMANTE .

    $default  reduce using rule 73 (e3)


State 102

   78 exprel: exparith OP_COMP exparith .

    $default  reduce using rule 78 (exprel)


State 103

   67 e1: e1 PLUS e2 .
   70 e2: e2 . MULT e3
   71   | e2 . DIV e3

    MULT  shift, and go to state 72
    DIV   shift, and go to state 73

    $default  reduce using rule 67 (e1)


State 104

   68 e1: e1 MOINS e2 .
   70 e2: e2 . MULT e3
   71   | e2 . DIV e3

    MULT  shift, and go to state 72
    DIV   shift, and go to state 73

    $default  reduce using rule 68 (e1)


State 105

   70 e2: e2 MULT e3 .

    $default  reduce using rule 70 (e2)


State 106

   71 e2: e2 DIV e3 .

    $default  reduce using rule 71 (e2)


State 107

   64 indices: CROCHET_OUVRANT exparith CROCHET_FERMANT .

    $default  reduce using rule 64 (indices)


State 108

   52 liste_args: liste_args VIRGULE . un_arg

    PARENTHESE_OUVRANTE  shift, and go to state 39
    IDF                  shift, and go to state 19
    CSTE_ENTIERE         shift, and go to state 40
    CSTE_REEL            shift, and go to state 41

    appel     go to state 43
    un_arg    go to state 124
    variable  go to state 45
    exparith  go to state 78
    e1        go to state 47
    e2        go to state 48
    e3        go to state 49


State 109

   50 liste_arguments: PARENTHESE_OUVRANTE liste_args PARENTHESE_FERMANTE .

    $default  reduce using rule 50 (liste_arguments)


State 110

   65 indices: indices CROCHET_OUVRANT exparith . CROCHET_FERMANT

    CROCHET_FERMANT  shift, and go to state 125


State 111

   54 condition: SI PARENTHESE_OUVRANTE exprel PARENTHESE_FERMANTE . ALORS liste_instructions
   55          | SI PARENTHESE_OUVRANTE exprel PARENTHESE_FERMANTE . ALORS liste_instructions SINON liste_instructions

    ALORS  shift, and go to state 126


State 112

   56 tant_que: TANT_QUE PARENTHESE_OUVRANTE exprel PARENTHESE_FERMANTE . FAIRE liste_instructions

    FAIRE  shift, and go to state 127


State 113

   63 variable: variable POINT IDF indices .
   65 indices: indices . CROCHET_OUVRANT exparith CROCHET_FERMANT

    CROCHET_OUVRANT  shift, and go to state 79

    $default  reduce using rule 63 (variable)


State 114

   29 type_simple: CHAINE CROCHET_OUVRANT . CSTE_ENTIERE CROCHET_FERMANT

    CSTE_ENTIERE  shift, and go to state 128


State 115

   37 un_param: IDF DEUX_POINTS . type_simple

    ENTIER     shift, and go to state 86
    REEL       shift, and go to state 87
    BOOLEEN    shift, and go to state 88
    CARACTERE  shift, and go to state 89
    CHAINE     shift, and go to state 90

    type_simple  go to state 129


State 116

   36 liste_param: liste_param POINT_VIRGULE . un_param

    IDF  shift, and go to state 93

    un_param  go to state 130


State 117

   34 liste_parametres: PARENTHESE_OUVRANTE liste_param PARENTHESE_FERMANTE .

    $default  reduce using rule 34 (liste_parametres)


State 118

   32 declaration_fonction: FONCTION IDF liste_parametres RETOURNE type_simple . corps

    DEBUT      shift, and go to state 3
    VARIABLE   shift, and go to state 4
    PROCEDURE  shift, and go to state 5
    FONCTION   shift, and go to state 6
    TYPE       shift, and go to state 7

    corps                  go to state 131
    liste_declarations     go to state 9
    liste_instructions     go to state 10
    declaration            go to state 11
    declaration_type       go to state 12
    declaration_variable   go to state 13
    declaration_procedure  go to state 14
    declaration_fonction   go to state 15


State 119

   22 un_champ: IDF . DEUX_POINTS nom_type

    DEUX_POINTS  shift, and go to state 132


State 120

   14 suite_declaration_type: STRUCT liste_champs . POINT_VIRGULE FSTRUCT
   21 liste_champs: liste_champs . POINT_VIRGULE un_champ

    POINT_VIRGULE  shift, and go to state 133


State 121

   20 liste_champs: un_champ .

    $default  reduce using rule 20 (liste_champs)


State 122

   16 dimension: CROCHET_OUVRANT . liste_dimensions CROCHET_FERMANT

    PARENTHESE_OUVRANTE  shift, and go to state 39
    IDF                  shift, and go to state 19
    CSTE_ENTIERE         shift, and go to state 40
    CSTE_REEL            shift, and go to state 41

    liste_dimensions  go to state 134
    une_dimension     go to state 135
    appel             go to state 43
    variable          go to state 45
    exparith          go to state 136
    e1                go to state 47
    e2                go to state 48
    e3                go to state 49


State 123

   15 suite_declaration_type: TABLEAU dimension . DEUX_POINTS nom_type

    DEUX_POINTS  shift, and go to state 137


State 124

   52 liste_args: liste_args VIRGULE un_arg .

    $default  reduce using rule 52 (liste_args)


State 125

   65 indices: indices CROCHET_OUVRANT exparith CROCHET_FERMANT .

    $default  reduce using rule 65 (indices)


State 126

   54 condition: SI PARENTHESE_OUVRANTE exprel PARENTHESE_FERMANTE ALORS . liste_instructions
   55          | SI PARENTHESE_OUVRANTE exprel PARENTHESE_FERMANTE ALORS . liste_instructions SINON liste_instructions

    DEBUT  shift, and go to state 3

    liste_instructions  go to state 138


State 127

   56 tant_que: TANT_QUE PARENTHESE_OUVRANTE exprel PARENTHESE_FERMANTE FAIRE . liste_instructions

    DEBUT  shift, and go to state 3

    liste_instructions  go to state 139


State 128

   29 type_simple: CHAINE CROCHET_OUVRANT CSTE_ENTIERE . CROCHET_FERMANT

    CROCHET_FERMANT  shift, and go to state 140


State 129

   37 un_param: IDF DEUX_POINTS type_simple .

    $default  reduce using rule 37 (un_param)


State 130

   36 liste_param: liste_param POINT_VIRGULE un_param .

    $default  reduce using rule 36 (liste_param)


State 131

   32 declaration_fonction: FONCTION IDF liste_parametres RETOURNE type_simple corps .

    $default  reduce using rule 32 (declaration_fonction)


State 132

   22 un_champ: IDF DEUX_POINTS . nom_type

    IDF        shift, and go to state 85
    ENTIER     shift, and go to state 86
    REEL       shift, and go to state 87
    BOOLEEN    shift, and go to state 88
    CARACTERE  shift, and go to state 89
    CHAINE     shift, and go to state 90

    nom_type     go to state 141
    type_simple  go to state 92


State 133

   14 suite_declaration_type: STRUCT liste_champs POINT_VIRGULE . FSTRUCT
   21 liste_champs: liste_champs POINT_VIRGULE . un_champ

    FSTRUCT  shift, and go to state 142
    IDF      shift, and go to state 119

    un_champ  go to state 143


State 134

   16 dimension: CROCHET_OUVRANT liste_dimensions . CROCHET_FERMANT
   18 liste_dimensions: liste_dimensions . VIRGULE une_dimension

    CROCHET_FERMANT  shift, and go to state 144
    VIRGULE          shift, and go to state 145


State 135

   17 liste_dimensions: une_dimension .

    $default  reduce using rule 17 (liste_dimensions)


State 136

   19 une_dimension: exparith . POINT POINT exparith

    POINT  shift, and go to state 146


State 137

   15 suite_declaration_type: TABLEAU dimension DEUX_POINTS . nom_type

    IDF        shift, and go to state 85
    ENTIER     shift, and go to state 86
    REEL       shift, and go to state 87
    BOOLEEN    shift, and go to state 88
    CARACTERE  shift, and go to state 89
    CHAINE     shift, and go to state 90

    nom_type     go to state 147
    type_simple  go to state 92


State 138

   54 condition: SI PARENTHESE_OUVRANTE exprel PARENTHESE_FERMANTE ALORS liste_instructions .
   55          | SI PARENTHESE_OUVRANTE exprel PARENTHESE_FERMANTE ALORS liste_instructions . SINON liste_instructions

    SINON  shift, and go to state 148

    $default  reduce using rule 54 (condition)


State 139

   56 tant_que: TANT_QUE PARENTHESE_OUVRANTE exprel PARENTHESE_FERMANTE FAIRE liste_instructions .

    $default  reduce using rule 56 (tant_que)


State 140

   29 type_simple: CHAINE CROCHET_OUVRANT CSTE_ENTIERE CROCHET_FERMANT .

    $default  reduce using rule 29 (type_simple)


State 141

   22 un_champ: IDF DEUX_POINTS nom_type .

    $default  reduce using rule 22 (un_champ)


State 142

   14 suite_declaration_type: STRUCT liste_champs POINT_VIRGULE FSTRUCT .

    $default  reduce using rule 14 (suite_declaration_type)


State 143

   21 liste_champs: liste_champs POINT_VIRGULE un_champ .

    $default  reduce using rule 21 (liste_champs)


State 144

   16 dimension: CROCHET_OUVRANT liste_dimensions CROCHET_FERMANT .

    $default  reduce using rule 16 (dimension)


State 145

   18 liste_dimensions: liste_dimensions VIRGULE . une_dimension

    PARENTHESE_OUVRANTE  shift, and go to state 39
    IDF                  shift, and go to state 19
    CSTE_ENTIERE         shift, and go to state 40
    CSTE_REEL            shift, and go to state 41

    une_dimension  go to state 149
    appel          go to state 43
    variable       go to state 45
    exparith       go to state 136
    e1             go to state 47
    e2             go to state 48
    e3             go to state 49


State 146

   19 une_dimension: exparith POINT . POINT exparith

    POINT  shift, and go to state 150


State 147

   15 suite_declaration_type: TABLEAU dimension DEUX_POINTS nom_type .

    $default  reduce using rule 15 (suite_declaration_type)


State 148

   55 condition: SI PARENTHESE_OUVRANTE exprel PARENTHESE_FERMANTE ALORS liste_instructions SINON . liste_instructions

    DEBUT  shift, and go to state 3

    liste_instructions  go to state 151


State 149

   18 liste_dimensions: liste_dimensions VIRGULE une_dimension .

    $default  reduce using rule 18 (liste_dimensions)


State 150

   19 une_dimension: exparith POINT POINT . exparith

    PARENTHESE_OUVRANTE  shift, and go to state 39
    IDF                  shift, and go to state 19
    CSTE_ENTIERE         shift, and go to state 40
    CSTE_REEL            shift, and go to state 41

    appel     go to state 43
    variable  go to state 45
    exparith  go to state 152
    e1        go to state 47
    e2        go to state 48
    e3        go to state 49


State 151

   55 condition: SI PARENTHESE_OUVRANTE exprel PARENTHESE_FERMANTE ALORS liste_instructions SINON liste_instructions .

    $default  reduce using rule 55 (condition)


State 152

   19 une_dimension: exparith POINT POINT exparith .

    $default  reduce using rule 19 (une_dimension)
